0 info it worked if it ends with ok
1 verbose cli [ '/root/.nvm/versions/node/v4.2.6/bin/node',
1 verbose cli   '/root/.nvm/versions/node/v4.2.6/bin/npm',
1 verbose cli   'start' ]
2 info using npm@3.5.2
3 info using node@v4.2.6
4 verbose stack Error: ENOENT: no such file or directory, open '/mnt/c/Users/Simon/Documents/GitHub/Prosjekt-2/package.json'
4 verbose stack     at Error (native)
5 verbose cwd /mnt/c/Users/Simon/Documents/GitHub/Prosjekt-2
6 error Linux 4.4.0-17134-Microsoft
7 error argv "/root/.nvm/versions/node/v4.2.6/bin/node" "/root/.nvm/versions/node/v4.2.6/bin/npm" "start"
8 error node v4.2.6
9 error npm  v3.5.2
10 error path /mnt/c/Users/Simon/Documents/GitHub/Prosjekt-2/package.json
11 error code ENOENT
12 error errno -2
13 error syscall open
14 error enoent ENOENT: no such file or directory, open '/mnt/c/Users/Simon/Documents/GitHub/Prosjekt-2/package.json'
15 error enoent ENOENT: no such file or directory, open '/mnt/c/Users/Simon/Documents/GitHub/Prosjekt-2/package.json'
15 error enoent This is most likely not a problem with npm itself
15 error enoent and is related to npm not being able to find a file.
16 verbose exit [ -2, true ]
